{"C:\\IITC\\2024\\September\\04.09\\server.js": {"path":"C:\\IITC\\2024\\September\\04.09\\server.js","statementMap":{"0":{"start":{"line":1,"column":16},"end":{"line":1,"column":34}},"1":{"start":{"line":2,"column":12},"end":{"line":2,"column":28}},"2":{"start":{"line":3,"column":14},"end":{"line":3,"column":30}},"3":{"start":{"line":4,"column":0},"end":{"line":4,"column":27}},"4":{"start":{"line":6,"column":12},"end":{"line":6,"column":21}},"5":{"start":{"line":7,"column":13},"end":{"line":7,"column":17}},"6":{"start":{"line":9,"column":17},"end":{"line":24,"column":3}},"7":{"start":{"line":25,"column":0},"end":{"line":25,"column":40}},"8":{"start":{"line":25,"column":22},"end":{"line":25,"column":38}},"9":{"start":{"line":27,"column":0},"end":{"line":27,"column":35}},"10":{"start":{"line":27,"column":23},"end":{"line":27,"column":34}},"11":{"start":{"line":29,"column":0},"end":{"line":29,"column":42}},"12":{"start":{"line":29,"column":25},"end":{"line":29,"column":40}},"13":{"start":{"line":31,"column":0},"end":{"line":31,"column":107}},"14":{"start":{"line":31,"column":28},"end":{"line":31,"column":106}},"15":{"start":{"line":31,"column":37},"end":{"line":31,"column":68}},"16":{"start":{"line":31,"column":75},"end":{"line":31,"column":106}},"17":{"start":{"line":33,"column":0},"end":{"line":35,"column":1}},"18":{"start":{"line":34,"column":4},"end":{"line":34,"column":17}},"19":{"start":{"line":38,"column":0},"end":{"line":66,"column":3}},"20":{"start":{"line":39,"column":4},"end":{"line":65,"column":5}},"21":{"start":{"line":46,"column":23},"end":{"line":46,"column":78}},"22":{"start":{"line":47,"column":21},"end":{"line":50,"column":9}},"23":{"start":{"line":53,"column":25},"end":{"line":53,"column":101}},"24":{"start":{"line":55,"column":8},"end":{"line":58,"column":11}},"25":{"start":{"line":63,"column":8},"end":{"line":63,"column":40}},"26":{"start":{"line":64,"column":8},"end":{"line":64,"column":45}},"27":{"start":{"line":69,"column":0},"end":{"line":71,"column":3}},"28":{"start":{"line":70,"column":4},"end":{"line":70,"column":65}},"29":{"start":{"line":73,"column":0},"end":{"line":73,"column":21}}},"fnMap":{"0":{"name":"(anonymous_0)","decl":{"start":{"line":25,"column":10},"end":{"line":25,"column":11}},"loc":{"start":{"line":25,"column":21},"end":{"line":25,"column":39}},"line":25},"1":{"name":"(anonymous_1)","decl":{"start":{"line":27,"column":12},"end":{"line":27,"column":13}},"loc":{"start":{"line":27,"column":22},"end":{"line":27,"column":35}},"line":27},"2":{"name":"(anonymous_2)","decl":{"start":{"line":29,"column":13},"end":{"line":29,"column":14}},"loc":{"start":{"line":29,"column":24},"end":{"line":29,"column":41}},"line":29},"3":{"name":"(anonymous_3)","decl":{"start":{"line":31,"column":20},"end":{"line":31,"column":21}},"loc":{"start":{"line":31,"column":27},"end":{"line":31,"column":107}},"line":31},"4":{"name":"(anonymous_4)","decl":{"start":{"line":33,"column":10},"end":{"line":33,"column":11}},"loc":{"start":{"line":33,"column":18},"end":{"line":35,"column":1}},"line":33},"5":{"name":"(anonymous_5)","decl":{"start":{"line":38,"column":17},"end":{"line":38,"column":18}},"loc":{"start":{"line":38,"column":37},"end":{"line":66,"column":1}},"line":38},"6":{"name":"(anonymous_6)","decl":{"start":{"line":69,"column":17},"end":{"line":69,"column":18}},"loc":{"start":{"line":69,"column":23},"end":{"line":71,"column":1}},"line":69}},"branchMap":{"0":{"loc":{"start":{"line":31,"column":28},"end":{"line":31,"column":106}},"type":"if","locations":[{"start":{"line":31,"column":28},"end":{"line":31,"column":106}},{"start":{"line":31,"column":75},"end":{"line":31,"column":106}}],"line":31}},"s":{"0":1,"1":1,"2":1,"3":1,"4":1,"5":1,"6":1,"7":1,"8":1,"9":1,"10":1,"11":1,"12":1,"13":1,"14":2,"15":1,"16":1,"17":1,"18":1,"19":1,"20":2,"21":2,"22":2,"23":2,"24":2,"25":0,"26":0,"27":1,"28":1,"29":1},"f":{"0":1,"1":1,"2":1,"3":2,"4":1,"5":2,"6":1},"b":{"0":[1,1]},"_coverageSchema":"1a1c01bbd47fc00a2c39e90264f33305004495a9","hash":"76ed0aaab5e921782e458e9bc36377c7a6c14fff"}
}
