TN:
SF:server.js
FN:25,(anonymous_0)
FN:27,(anonymous_1)
FN:29,(anonymous_2)
FN:31,(anonymous_3)
FN:33,(anonymous_4)
FN:38,(anonymous_5)
FN:69,(anonymous_6)
FNF:7
FNH:7
FNDA:1,(anonymous_0)
FNDA:1,(anonymous_1)
FNDA:1,(anonymous_2)
FNDA:2,(anonymous_3)
FNDA:1,(anonymous_4)
FNDA:2,(anonymous_5)
FNDA:1,(anonymous_6)
DA:1,1
DA:2,1
DA:3,1
DA:4,1
DA:6,1
DA:7,1
DA:9,1
DA:25,1
DA:27,1
DA:29,1
DA:31,2
DA:33,1
DA:34,1
DA:38,1
DA:39,2
DA:46,2
DA:47,2
DA:53,2
DA:55,2
DA:63,0
DA:64,0
DA:69,1
DA:70,1
DA:73,1
LF:24
LH:22
BRDA:31,0,0,1
BRDA:31,0,1,1
BRF:2
BRH:2
end_of_record
